<?xml version="1.0" encoding="UTF-8"?>
<Site BuildName="(empty)"
	BuildStamp="20260316-1642-Experimental"
	Name="imrich-Lenovo-IdeaPad-S340-14API"
	Generator="ctest-3.28.3"
	CompilerName="/usr/bin/g++"
	CompilerVersion="13.3.0"
	OSName="Linux"
	Hostname="imrich-Lenovo-IdeaPad-S340-14API"
	OSRelease="6.17.0-14-generic"
	OSVersion="#14~24.04.1-Ubuntu SMP PREEMPT_DYNAMIC Thu Jan 15 15:52:10 UTC 2"
	OSPlatform="x86_64"
	Is64Bits="1"
	VendorString="AuthenticAMD"
	VendorID="Advanced Micro Devices"
	FamilyID="23"
	ModelID="24"
	ProcessorCacheSize="512"
	NumberOfLogicalCPU="4"
	NumberOfPhysicalCPU="2"
	TotalVirtualMemory="4095"
	TotalPhysicalMemory="9882"
	LogicalProcessorsPerPhysical="2"
	ProcessorClockFrequency="3439.23"
	>
	<Testing>
		<StartDateTime>Mar 16 17:42 CET</StartDateTime>
		<StartTestTime>1773679378</StartTestTime>
		<TestList/>
		<EndDateTime>Mar 16 17:42 CET</EndDateTime>
		<EndTestTime>1773679378</EndTestTime>
		<ElapsedMinutes>0</ElapsedMinutes>
	</Testing>
</Site>
